#
# There is insufficient memory for the Java Runtime Environment to continue.
# Native memory allocation (malloc) failed to allocate 1580672 bytes for Chunk::new
# Possible reasons:
#   The system is out of physical RAM or swap space
#   The process is running with CompressedOops enabled, and the Java Heap may be blocking the growth of the native heap
# Possible solutions:
#   Reduce memory load on the system
#   Increase physical memory or swap space
#   Check if swap backing store is full
#   Decrease Java heap size (-Xmx/-Xms)
#   Decrease number of Java threads
#   Decrease Java thread stack sizes (-Xss)
#   Set larger code cache with -XX:ReservedCodeCacheSize=
#   JVM is running with Unscaled Compressed Oops mode in which the Java heap is
#     placed in the first 4GB address space. The Java Heap base address is the
#     maximum limit for the native heap growth. Please use -XX:HeapBaseMinAddress
#     to set the Java Heap base and to place the Java Heap above 4GB virtual address.
# This output file may be truncated or incomplete.
#
#  Out of Memory Error (allocation.cpp:389), pid=20744, tid=0x00000000000052c4
#
# JRE version: Java(TM) SE Runtime Environment (8.0_271-b09) (build 1.8.0_271-b09)
# Java VM: Java HotSpot(TM) 64-Bit Server VM (25.271-b09 mixed mode windows-amd64 compressed oops)
# Failed to write core dump. Minidumps are not enabled by default on client versions of Windows
#

---------------  T H R E A D  ---------------

Current thread (0x00000239654fe800):  JavaThread "C2 CompilerThread1" daemon [_thread_in_native, id=21188, stack(0x000000feab400000,0x000000feab500000)]

Stack: [0x000000feab400000,0x000000feab500000]
Native frames: (J=compiled Java code, j=interpreted, Vv=VM code, C=native code)
V  [jvm.dll+0x33f6c9]
V  [jvm.dll+0x286122]
V  [jvm.dll+0x286dcd]
V  [jvm.dll+0x27d805]
V  [jvm.dll+0xe574c]
V  [jvm.dll+0xe5f4c]
V  [jvm.dll+0x480095]
V  [jvm.dll+0x447de8]
V  [jvm.dll+0x450c25]
V  [jvm.dll+0x44ffe5]
V  [jvm.dll+0x43aef7]
V  [jvm.dll+0xbc3eb]
V  [jvm.dll+0xbaa4b]
V  [jvm.dll+0x24e7c2]
V  [jvm.dll+0x2a2dcc]
C  [ucrtbase.dll+0x21bb2]
C  [KERNEL32.DLL+0x17034]
C  [ntdll.dll+0x4d241]


Current CompileTask:
C2:  21275 6283   !   4       com.sun.tools.javac.file.JavacFileManager::listContainer (94 bytes)


---------------  P R O C E S S  ---------------

Java Threads: ( => current thread )
  0x000002396558e000 JavaThread "Service Thread" daemon [_thread_blocked, id=17604, stack(0x000000feab600000,0x000000feab700000)]
  0x0000023965513000 JavaThread "C1 CompilerThread2" daemon [_thread_blocked, id=22476, stack(0x000000feab500000,0x000000feab600000)]
=>0x00000239654fe800 JavaThread "C2 CompilerThread1" daemon [_thread_in_native, id=21188, stack(0x000000feab400000,0x000000feab500000)]
  0x00000239654fb800 JavaThread "C2 CompilerThread0" daemon [_thread_in_native, id=15044, stack(0x000000feab300000,0x000000feab400000)]
  0x00000239654f9800 JavaThread "Attach Listener" daemon [_thread_blocked, id=11768, stack(0x000000feab200000,0x000000feab300000)]
  0x00000239654f8000 JavaThread "Signal Dispatcher" daemon [_thread_blocked, id=16108, stack(0x000000feab100000,0x000000feab200000)]
  0x00000239654d6000 JavaThread "Finalizer" daemon [_thread_blocked, id=4860, stack(0x000000feab000000,0x000000feab100000)]
  0x0000023964da4000 JavaThread "Reference Handler" daemon [_thread_blocked, id=16968, stack(0x000000feaaf00000,0x000000feab000000)]
  0x000002394ee42800 JavaThread "main" [_thread_in_Java, id=10700, stack(0x000000feaa900000,0x000000feaaa00000)]

Other Threads:
  0x00000239654b4000 VMThread [stack: 0x000000feaae00000,0x000000feaaf00000] [id=1304]
  0x00000239655a2800 WatcherThread [stack: 0x000000feab700000,0x000000feab800000] [id=14312]

VM state:not at safepoint (normal execution)

VM Mutex/Monitor currently owned by a thread: None

heap address: 0x0000000081400000, size: 2028 MB, Compressed Oops mode: 32-bit
Narrow klass base: 0x0000000000000000, Narrow klass shift: 3
Compressed class space size: 1073741824 Address: 0x0000000100000000

Heap:
 PSYoungGen      total 218112K, used 25744K [0x00000000d5c00000, 0x00000000e7c00000, 0x0000000100000000)
  eden space 185344K, 7% used [0x00000000d5c00000,0x00000000d6a30490,0x00000000e1100000)
  from space 32768K, 34% used [0x00000000e5c00000,0x00000000e66f3c70,0x00000000e7c00000)
  to   space 30208K, 0% used [0x00000000e1100000,0x00000000e1100000,0x00000000e2e80000)
 ParOldGen       total 73728K, used 32774K [0x0000000081400000, 0x0000000085c00000, 0x00000000d5c00000)
  object space 73728K, 44% used [0x0000000081400000,0x0000000083401ab0,0x0000000085c00000)
 Metaspace       used 35691K, capacity 36518K, committed 36648K, reserved 1081344K
  class space    used 4043K, capacity 4270K, committed 4392K, reserved 1048576K

Card table byte_map: [0x000002395fa70000,0x000002395fe70000] byte_map_base: 0x000002395f666000

Marking Bits: (ParMarkBitMap*) 0x00000000639e7fe0
 Begin Bits: [0x0000023960120000, 0x00000239620d0000)
 End Bits:   [0x00000239620d0000, 0x0000023964080000)

Polling page: 0x000002394ede0000

CodeCache: size=245760Kb used=23256Kb max_used=23256Kb free=222503Kb
 bounds [0x00000239506b0000, 0x0000023951d80000, 0x000002395f6b0000]
 total_blobs=6702 nmethods=6248 adapters=366
 compilation: enabled

Compilation events (10 events):
Event: 20.360 Thread 0x0000023965513000 nmethod 6570 0x0000023951c9f190 code [0x0000023951c9f320, 0x0000023951c9f5d0]
Event: 20.360 Thread 0x0000023965513000 6572       2       com.sun.tools.javac.jvm.Gen::visitSelect (438 bytes)
Event: 20.363 Thread 0x0000023965513000 nmethod 6572 0x0000023951c9f810 code [0x0000023951c9fb80, 0x0000023951ca0b90]
Event: 20.363 Thread 0x0000023965513000 6575       2       com.sun.tools.javac.jvm.Gen::isAccessSuper (33 bytes)
Event: 20.364 Thread 0x0000023965513000 nmethod 6575 0x0000023951ca1d50 code [0x0000023951ca1ee0, 0x0000023951ca2150]
Event: 20.364 Thread 0x0000023965513000 6576       2       com.sun.tools.javac.jvm.Gen::genStat (65 bytes)
Event: 20.365 Thread 0x0000023965513000 nmethod 6576 0x0000023951ca22d0 code [0x0000023951ca24a0, 0x0000023951ca28a0]
Event: 20.365 Thread 0x0000023965513000 6574       2       com.sun.tools.javac.jvm.Code::emitop2 (683 bytes)
Event: 20.367 Thread 0x0000023965513000 nmethod 6574 0x0000023951ca2b90 code [0x0000023951ca2f60, 0x0000023951ca3fb0]
Event: 20.367 Thread 0x0000023965513000 6578       2       com.sun.tools.javac.comp.Attr::visitApply (814 bytes)

GC Heap History (10 events):
Event: 5.480 GC heap before
{Heap before GC invocations=7 (full 1):
 PSYoungGen      total 144896K, used 6988K [0x00000000d5c00000, 0x00000000df600000, 0x0000000100000000)
  eden space 133120K, 0% used [0x00000000d5c00000,0x00000000d5c00000,0x00000000dde00000)
  from space 11776K, 59% used [0x00000000dea80000,0x00000000df153240,0x00000000df600000)
  to   space 12288K, 0% used [0x00000000dde00000,0x00000000dde00000,0x00000000dea00000)
 ParOldGen       total 87552K, used 15807K [0x0000000081400000, 0x0000000086980000, 0x00000000d5c00000)
  object space 87552K, 18% used [0x0000000081400000,0x000000008236fd98,0x0000000086980000)
 Metaspace       used 20681K, capacity 21070K, committed 21296K, reserved 1069056K
  class space    used 2466K, capacity 2589K, committed 2688K, reserved 1048576K
Event: 5.602 GC heap after
Heap after GC invocations=7 (full 1):
 PSYoungGen      total 144896K, used 0K [0x00000000d5c00000, 0x00000000df600000, 0x0000000100000000)
  eden space 133120K, 0% used [0x00000000d5c00000,0x00000000d5c00000,0x00000000dde00000)
  from space 11776K, 0% used [0x00000000dea80000,0x00000000dea80000,0x00000000df600000)
  to   space 12288K, 0% used [0x00000000dde00000,0x00000000dde00000,0x00000000dea00000)
 ParOldGen       total 73728K, used 15716K [0x0000000081400000, 0x0000000085c00000, 0x00000000d5c00000)
  object space 73728K, 21% used [0x0000000081400000,0x0000000082359080,0x0000000085c00000)
 Metaspace       used 20681K, capacity 21070K, committed 21296K, reserved 1069056K
  class space    used 2466K, capacity 2589K, committed 2688K, reserved 1048576K
}
Event: 10.973 GC heap before
{Heap before GC invocations=8 (full 1):
 PSYoungGen      total 144896K, used 131064K [0x00000000d5c00000, 0x00000000df600000, 0x0000000100000000)
  eden space 133120K, 98% used [0x00000000d5c00000,0x00000000ddbfe3d0,0x00000000dde00000)
  from space 11776K, 0% used [0x00000000dea80000,0x00000000dea80000,0x00000000df600000)
  to   space 12288K, 0% used [0x00000000dde00000,0x00000000dde00000,0x00000000dea00000)
 ParOldGen       total 73728K, used 15716K [0x0000000081400000, 0x0000000085c00000, 0x00000000d5c00000)
  object space 73728K, 21% used [0x0000000081400000,0x0000000082359080,0x0000000085c00000)
 Metaspace       used 25669K, capacity 26230K, committed 26496K, reserved 1073152K
  class space    used 2990K, capacity 3152K, committed 3200K, reserved 1048576K
Event: 11.024 GC heap after
Heap after GC invocations=8 (full 1):
 PSYoungGen      total 145408K, used 12266K [0x00000000d5c00000, 0x00000000e4500000, 0x0000000100000000)
  eden space 133120K, 0% used [0x00000000d5c00000,0x00000000d5c00000,0x00000000dde00000)
  from space 12288K, 99% used [0x00000000dde00000,0x00000000de9fa970,0x00000000dea00000)
  to   space 23040K, 0% used [0x00000000e2e80000,0x00000000e2e80000,0x00000000e4500000)
 ParOldGen       total 73728K, used 33899K [0x0000000081400000, 0x0000000085c00000, 0x00000000d5c00000)
  object space 73728K, 45% used [0x0000000081400000,0x000000008351ac28,0x0000000085c00000)
 Metaspace       used 25669K, capacity 26230K, committed 26496K, reserved 1073152K
  class space    used 2990K, capacity 3152K, committed 3200K, reserved 1048576K
}
Event: 14.256 GC heap before
{Heap before GC invocations=9 (full 1):
 PSYoungGen      total 145408K, used 145386K [0x00000000d5c00000, 0x00000000e4500000, 0x0000000100000000)
  eden space 133120K, 100% used [0x00000000d5c00000,0x00000000dde00000,0x00000000dde00000)
  from space 12288K, 99% used [0x00000000dde00000,0x00000000de9fa970,0x00000000dea00000)
  to   space 23040K, 0% used [0x00000000e2e80000,0x00000000e2e80000,0x00000000e4500000)
 ParOldGen       total 73728K, used 33899K [0x0000000081400000, 0x0000000085c00000, 0x00000000d5c00000)
  object space 73728K, 45% used [0x0000000081400000,0x000000008351ac28,0x0000000085c00000)
 Metaspace       used 33402K, capacity 34036K, committed 34304K, reserved 1079296K
  class space    used 3885K, capacity 4091K, committed 4096K, reserved 1048576K
Event: 14.301 GC heap after
Heap after GC invocations=9 (full 1):
 PSYoungGen      total 208384K, used 23037K [0x00000000d5c00000, 0x00000000e5100000, 0x0000000100000000)
  eden space 185344K, 0% used [0x00000000d5c00000,0x00000000d5c00000,0x00000000e1100000)
  from space 23040K, 99% used [0x00000000e2e80000,0x00000000e44ff4f8,0x00000000e4500000)
  to   space 30208K, 0% used [0x00000000e1100000,0x00000000e1100000,0x00000000e2e80000)
 ParOldGen       total 73728K, used 41842K [0x0000000081400000, 0x0000000085c00000, 0x00000000d5c00000)
  object space 73728K, 56% used [0x0000000081400000,0x0000000083cdcb70,0x0000000085c00000)
 Metaspace       used 33402K, capacity 34036K, committed 34304K, reserved 1079296K
  class space    used 3885K, capacity 4091K, committed 4096K, reserved 1048576K
}
Event: 17.534 GC heap before
{Heap before GC invocations=10 (full 1):
 PSYoungGen      total 208384K, used 80506K [0x00000000d5c00000, 0x00000000e5100000, 0x0000000100000000)
  eden space 185344K, 31% used [0x00000000d5c00000,0x00000000d941f6e8,0x00000000e1100000)
  from space 23040K, 99% used [0x00000000e2e80000,0x00000000e44ff4f8,0x00000000e4500000)
  to   space 30208K, 0% used [0x00000000e1100000,0x00000000e1100000,0x00000000e2e80000)
 ParOldGen       total 73728K, used 41842K [0x0000000081400000, 0x0000000085c00000, 0x00000000d5c00000)
  object space 73728K, 56% used [0x0000000081400000,0x0000000083cdcb70,0x0000000085c00000)
 Metaspace       used 34619K, capacity 35408K, committed 35496K, reserved 1081344K
  class space    used 4009K, capacity 4229K, committed 4264K, reserved 1048576K
Event: 17.557 GC heap after
Heap after GC invocations=10 (full 1):
 PSYoungGen      total 215552K, used 24546K [0x00000000d5c00000, 0x00000000e7c00000, 0x0000000100000000)
  eden space 185344K, 0% used [0x00000000d5c00000,0x00000000d5c00000,0x00000000e1100000)
  from space 30208K, 81% used [0x00000000e1100000,0x00000000e28f8940,0x00000000e2e80000)
  to   space 32768K, 0% used [0x00000000e5c00000,0x00000000e5c00000,0x00000000e7c00000)
 ParOldGen       total 73728K, used 41850K [0x0000000081400000, 0x0000000085c00000, 0x00000000d5c00000)
  object space 73728K, 56% used [0x0000000081400000,0x0000000083cdeb70,0x0000000085c00000)
 Metaspace       used 34619K, capacity 35408K, committed 35496K, reserved 1081344K
  class space    used 4009K, capacity 4229K, committed 4264K, reserved 1048576K
}
Event: 17.557 GC heap before
{Heap before GC invocations=11 (full 2):
 PSYoungGen      total 215552K, used 24546K [0x00000000d5c00000, 0x00000000e7c00000, 0x0000000100000000)
  eden space 185344K, 0% used [0x00000000d5c00000,0x00000000d5c00000,0x00000000e1100000)
  from space 30208K, 81% used [0x00000000e1100000,0x00000000e28f8940,0x00000000e2e80000)
  to   space 32768K, 0% used [0x00000000e5c00000,0x00000000e5c00000,0x00000000e7c00000)
 ParOldGen       total 73728K, used 41850K [0x0000000081400000, 0x0000000085c00000, 0x00000000d5c00000)
  object space 73728K, 56% used [0x0000000081400000,0x0000000083cdeb70,0x0000000085c00000)
 Metaspace       used 34619K, capacity 35408K, committed 35496K, reserved 1081344K
  class space    used 4009K, capacity 4229K, committed 4264K, reserved 1048576K
Event: 17.676 GC heap after
Heap after GC invocations=11 (full 2):
 PSYoungGen      total 215552K, used 0K [0x00000000d5c00000, 0x00000000e7c00000, 0x0000000100000000)
  eden space 185344K, 0% used [0x00000000d5c00000,0x00000000d5c00000,0x00000000e1100000)
  from space 30208K, 0% used [0x00000000e1100000,0x00000000e1100000,0x00000000e2e80000)
  to   space 32768K, 0% used [0x00000000e5c00000,0x00000000e5c00000,0x00000000e7c00000)
 ParOldGen       total 73728K, used 32766K [0x0000000081400000, 0x0000000085c00000, 0x00000000d5c00000)
  object space 73728K, 44% used [0x0000000081400000,0x00000000833ffab0,0x0000000085c00000)
 Metaspace       used 34619K, capacity 35408K, committed 35496K, reserved 1081344K
  class space    used 4009K, capacity 4229K, committed 4264K, reserved 1048576K
}

Deoptimization events (10 events):
Event: 19.684 Thread 0x000002394ee42800 Uncommon trap: reason=predicate action=maybe_recompile pc=0x00000239519e1390 method=java.util.ComparableTimSort.binarySort([Ljava/lang/Object;III)V @ 37
Event: 19.832 Thread 0x000002394ee42800 Uncommon trap: reason=array_check action=maybe_recompile pc=0x0000023951338208 method=java.util.ComparableTimSort.binarySort([Ljava/lang/Object;III)V @ 215
Event: 20.082 Thread 0x000002394ee42800 Uncommon trap: reason=unstable_if action=reinterpret pc=0x00000239513d56e8 method=com.sun.tools.javac.util.SharedNameTable.fromUtf([BII)Lcom/sun/tools/javac/util/Name; @ 55
Event: 20.279 Thread 0x000002394ee42800 Uncommon trap: reason=bimorphic action=maybe_recompile pc=0x0000023950ef0b50 method=com.sun.tools.javac.code.Types$18.visitClassType(Lcom/sun/tools/javac/code/Type$ClassType;Ljava/lang/Void;)Lcom/sun/tools/javac/code/Type; @ 19
Event: 20.284 Thread 0x000002394ee42800 Uncommon trap: reason=bimorphic action=maybe_recompile pc=0x0000023950ef0b50 method=com.sun.tools.javac.code.Types$18.visitClassType(Lcom/sun/tools/javac/code/Type$ClassType;Ljava/lang/Void;)Lcom/sun/tools/javac/code/Type; @ 19
Event: 20.286 Thread 0x000002394ee42800 Uncommon trap: reason=bimorphic action=maybe_recompile pc=0x0000023950a6d560 method=com.sun.tools.javac.code.Types$18.visitClassType(Lcom/sun/tools/javac/code/Type$ClassType;Ljava/lang/Void;)Lcom/sun/tools/javac/code/Type; @ 19
Event: 20.296 Thread 0x000002394ee42800 Uncommon trap: reason=bimorphic action=maybe_recompile pc=0x0000023950d78578 method=com.sun.tools.javac.code.Type.isCompound()Z @ 14
Event: 20.296 Thread 0x000002394ee42800 Uncommon trap: reason=bimorphic action=maybe_recompile pc=0x0000023950d78578 method=com.sun.tools.javac.code.Type.isCompound()Z @ 14
Event: 20.296 Thread 0x000002394ee42800 Uncommon trap: reason=bimorphic action=maybe_recompile pc=0x0000023950d78578 method=com.sun.tools.javac.code.Type.isCompound()Z @ 14
Event: 20.296 Thread 0x000002394ee42800 Uncommon trap: reason=bimorphic action=maybe_recompile pc=0x0000023950d78578 method=com.sun.tools.javac.code.Type.isCompound()Z @ 14

Classes redefined (0 events):
No events

Internal exceptions (10 events):
Event: 2.691 Thread 0x000002394ee42800 Exception <a 'java/lang/NullPointerException'> (0x00000000d6e2f458) thrown at [C:\jenkins\workspace\8-2-build-windows-amd64-cygwin\jdk8u271\605\hotspot\src\share\vm\interpreter\linkResolver.cpp, line 1185]
Event: 3.038 Thread 0x000002394ee42800 Implicit null exception at 0x0000023950ef0174 to 0x0000023950ef0c5d
Event: 3.567 Thread 0x000002394ee42800 Implicit null exception at 0x0000023950a5d355 to 0x0000023950a5d525
Event: 3.567 Thread 0x000002394ee42800 Implicit null exception at 0x00000239509cc96f to 0x00000239509cc9d9
Event: 5.095 Thread 0x000002394ee42800 Exception <a 'java/lang/ClassNotFoundException': com/sun/tools/javac/api/JavacTool> (0x00000000d649d030) thrown at [C:\jenkins\workspace\8-2-build-windows-amd64-cygwin\jdk8u271\605\hotspot\src\share\vm\classfile\systemDictionary.cpp, line 212]
Event: 7.238 Thread 0x000002394ee42800 Exception <a 'java/io/FileNotFoundException'> (0x00000000d85aeb88) thrown at [C:\jenkins\workspace\8-2-build-windows-amd64-cygwin\jdk8u271\605\hotspot\src\share\vm\prims\jni.cpp, line 710]
Event: 7.568 Thread 0x000002394ee42800 Exception <a 'java/io/FileNotFoundException'> (0x00000000d861a888) thrown at [C:\jenkins\workspace\8-2-build-windows-amd64-cygwin\jdk8u271\605\hotspot\src\share\vm\prims\jni.cpp, line 710]
Event: 10.011 Thread 0x000002394ee42800 Exception <a 'java/lang/NoSuchMethodError': org.apache.maven.execution.MavenExecutionRequest.getFailureBehavior()Ljava/lang/String;> (0x00000000db3b3170) thrown at [C:\jenkins\workspace\8-2-build-windows-amd64-cygwin\jdk8u271\605\hotspot\src\share\vm\inte
Event: 19.680 Thread 0x000002394ee42800 Exception <a 'java/io/FileNotFoundException'> (0x00000000defba028) thrown at [C:\jenkins\workspace\8-2-build-windows-amd64-cygwin\jdk8u271\605\hotspot\src\share\vm\prims\jni.cpp, line 710]
Event: 19.681 Thread 0x000002394ee42800 Exception <a 'java/io/FileNotFoundException'> (0x00000000defbbb28) thrown at [C:\jenkins\workspace\8-2-build-windows-amd64-cygwin\jdk8u271\605\hotspot\src\share\vm\prims\jni.cpp, line 710]

Events (10 events):
Event: 20.296 Thread 0x000002394ee42800 Uncommon trap: trap_request=0xffffffc6 fr.pc=0x0000023950d78578
Event: 20.296 Thread 0x000002394ee42800 DEOPT PACKING pc=0x0000023950d78578 sp=0x000000feaa9fd290
Event: 20.296 Thread 0x000002394ee42800 DEOPT UNPACKING pc=0x00000239506f5843 sp=0x000000feaa9fd228 mode 2
Event: 20.296 Thread 0x000002394ee42800 Uncommon trap: trap_request=0xffffffc6 fr.pc=0x0000023950d78578
Event: 20.296 Thread 0x000002394ee42800 DEOPT PACKING pc=0x0000023950d78578 sp=0x000000feaa9fd150
Event: 20.296 Thread 0x000002394ee42800 DEOPT UNPACKING pc=0x00000239506f5843 sp=0x000000feaa9fd0e8 mode 2
Event: 20.318 loading class com/sun/tools/javac/comp/Resolve$12$1
Event: 20.318 loading class com/sun/tools/javac/comp/Resolve$12$1 done
Event: 20.324 loading class com/sun/tools/javac/comp/Attr$5
Event: 20.324 loading class com/sun/tools/javac/comp/Attr$5 done


Dynamic libraries:
0x00007ff704470000 - 0x00007ff7044b7000 	C:\Program Files\Java\jdk1.8.0_271\bin\java.exe
0x00007ffcd33d0000 - 0x00007ffcd35c6000 	C:\WINDOWS\SYSTEM32\ntdll.dll
0x00007ffcd31d0000 - 0x00007ffcd328d000 	C:\WINDOWS\System32\KERNEL32.DLL
0x00007ffcd0b10000 - 0x00007ffcd0dd9000 	C:\WINDOWS\System32\KERNELBASE.dll
0x00007ffcd1da0000 - 0x00007ffcd1e4c000 	C:\WINDOWS\System32\ADVAPI32.dll
0x00007ffcd29e0000 - 0x00007ffcd2a7e000 	C:\WINDOWS\System32\msvcrt.dll
0x00007ffcd1430000 - 0x00007ffcd14cc000 	C:\WINDOWS\System32\sechost.dll
0x00007ffcd2440000 - 0x00007ffcd256b000 	C:\WINDOWS\System32\RPCRT4.dll
0x00007ffcd1ba0000 - 0x00007ffcd1d40000 	C:\WINDOWS\System32\USER32.dll
0x00007ffcd12f0000 - 0x00007ffcd1312000 	C:\WINDOWS\System32\win32u.dll
0x00007ffcd1790000 - 0x00007ffcd17ba000 	C:\WINDOWS\System32\GDI32.dll
0x00007ffcd1000000 - 0x00007ffcd110b000 	C:\WINDOWS\System32\gdi32full.dll
0x00007ffcd0ee0000 - 0x00007ffcd0f7d000 	C:\WINDOWS\System32\msvcp_win.dll
0x00007ffcd0de0000 - 0x00007ffcd0ee0000 	C:\WINDOWS\System32\ucrtbase.dll
0x00007ffcbce70000 - 0x00007ffcbd10b000 	C:\WINDOWS\WinSxS\amd64_microsoft.windows.common-controls_6595b64144ccf1df_6.0.19041.746_none_ca02b4b61b8320a4\COMCTL32.dll
0x00007ffcd32f0000 - 0x00007ffcd3320000 	C:\WINDOWS\System32\IMM32.DLL
0x00007ffcc5b60000 - 0x00007ffcc5b75000 	C:\Program Files\Java\jdk1.8.0_271\jre\bin\vcruntime140.dll
0x00007ffcac320000 - 0x00007ffcac3bb000 	C:\Program Files\Java\jdk1.8.0_271\jre\bin\msvcp140.dll
0x00000000631f0000 - 0x0000000063a5f000 	C:\Program Files\Java\jdk1.8.0_271\jre\bin\server\jvm.dll
0x00007ffcd1b00000 - 0x00007ffcd1b08000 	C:\WINDOWS\System32\PSAPI.DLL
0x00007ffcbd110000 - 0x00007ffcbd11a000 	C:\WINDOWS\SYSTEM32\VERSION.dll
0x00007ffcad980000 - 0x00007ffcad989000 	C:\WINDOWS\SYSTEM32\WSOCK32.dll
0x00007ffcb1ba0000 - 0x00007ffcb1bc7000 	C:\WINDOWS\SYSTEM32\WINMM.dll
0x00007ffcd3320000 - 0x00007ffcd338b000 	C:\WINDOWS\System32\WS2_32.dll
0x00007ffccf3e0000 - 0x00007ffccf3f2000 	C:\WINDOWS\SYSTEM32\kernel.appcore.dll
0x00007ffcc8ee0000 - 0x00007ffcc8ef0000 	C:\Program Files\Java\jdk1.8.0_271\jre\bin\verify.dll
0x00007ffcb4b30000 - 0x00007ffcb4b5b000 	C:\Program Files\Java\jdk1.8.0_271\jre\bin\java.dll
0x00007ffcb4b10000 - 0x00007ffcb4b28000 	C:\Program Files\Java\jdk1.8.0_271\jre\bin\zip.dll
0x00007ffcd2a80000 - 0x00007ffcd31c2000 	C:\WINDOWS\System32\SHELL32.dll
0x00007ffcce7a0000 - 0x00007ffccef30000 	C:\WINDOWS\SYSTEM32\windows.storage.dll
0x00007ffcd2080000 - 0x00007ffcd23d6000 	C:\WINDOWS\System32\combase.dll
0x00007ffcd0500000 - 0x00007ffcd052c000 	C:\WINDOWS\SYSTEM32\Wldp.dll
0x00007ffcd1fd0000 - 0x00007ffcd207e000 	C:\WINDOWS\System32\SHCORE.dll
0x00007ffcd3290000 - 0x00007ffcd32e5000 	C:\WINDOWS\System32\shlwapi.dll
0x00007ffcd0a40000 - 0x00007ffcd0a66000 	C:\WINDOWS\SYSTEM32\profapi.dll
0x00007ffcc8e00000 - 0x00007ffcc8e0a000 	C:\Users\Shubham Kumar\Desktop\apache-maven-3.6.3\lib\jansi-native\windows64\jansi.dll
0x00007ffcb4af0000 - 0x00007ffcb4b0c000 	C:\Program Files\Java\jdk1.8.0_271\jre\bin\net.dll
0x00007ffcd0220000 - 0x00007ffcd028a000 	C:\WINDOWS\system32\mswsock.dll
0x00007ffcb4a60000 - 0x00007ffcb4a73000 	C:\Program Files\Java\jdk1.8.0_271\jre\bin\nio.dll
0x00007ffcc5e30000 - 0x00007ffcc5e3d000 	C:\Program Files\Java\jdk1.8.0_271\jre\bin\management.dll
0x00007ffcad960000 - 0x00007ffcad977000 	C:\WINDOWS\system32\napinsp.dll
0x00007ffcac690000 - 0x00007ffcac6ab000 	C:\WINDOWS\system32\pnrpnsp.dll
0x00007ffcc7340000 - 0x00007ffcc7355000 	C:\WINDOWS\system32\wshbth.dll
0x00007ffcc8d80000 - 0x00007ffcc8d9d000 	C:\WINDOWS\system32\NLAapi.dll
0x00007ffccff10000 - 0x00007ffccff4b000 	C:\WINDOWS\SYSTEM32\IPHLPAPI.DLL
0x00007ffccff50000 - 0x00007ffcd001b000 	C:\WINDOWS\SYSTEM32\DNSAPI.dll
0x00007ffcd1530000 - 0x00007ffcd1538000 	C:\WINDOWS\System32\NSI.dll
0x00007ffcac670000 - 0x00007ffcac682000 	C:\WINDOWS\System32\winrnr.dll
0x00007ffcbef70000 - 0x00007ffcbef7a000 	C:\Windows\System32\rasadhlp.dll
0x00007ffcbec00000 - 0x00007ffcbec7f000 	C:\WINDOWS\System32\fwpuclnt.dll
0x00007ffcd1160000 - 0x00007ffcd1187000 	C:\WINDOWS\System32\bcrypt.dll
0x00007ffcd03f0000 - 0x00007ffcd0408000 	C:\WINDOWS\SYSTEM32\CRYPTSP.dll
0x00007ffccfbc0000 - 0x00007ffccfbf4000 	C:\WINDOWS\system32\rsaenh.dll
0x00007ffcd09c0000 - 0x00007ffcd09ee000 	C:\WINDOWS\SYSTEM32\USERENV.dll
0x00007ffcd0f80000 - 0x00007ffcd1000000 	C:\WINDOWS\System32\bcryptprimitives.dll
0x00007ffcd0410000 - 0x00007ffcd041c000 	C:\WINDOWS\SYSTEM32\CRYPTBASE.dll
0x00007ffcbf100000 - 0x00007ffcbf117000 	C:\WINDOWS\SYSTEM32\dhcpcsvc6.DLL
0x00007ffcbf2f0000 - 0x00007ffcbf30d000 	C:\WINDOWS\SYSTEM32\dhcpcsvc.DLL
0x00007ffccf070000 - 0x00007ffccf254000 	C:\WINDOWS\SYSTEM32\dbghelp.dll

VM Arguments:
jvm_args: -Dclassworlds.conf=C:\Users\Shubham Kumar\Desktop\apache-maven-3.6.3\bin\..\bin\m2.conf -Dmaven.home=C:\Users\Shubham Kumar\Desktop\apache-maven-3.6.3\bin\.. -Dlibrary.jansi.path=C:\Users\Shubham Kumar\Desktop\apache-maven-3.6.3\bin\..\lib\jansi-native -Dmaven.multiModuleProjectDirectory=S:\FoodOrderingApplication\Capstone-Backend-Project 
java_command: org.codehaus.plexus.classworlds.launcher.Launcher install
java_class_path (initial): C:\Users\Shubham Kumar\Desktop\apache-maven-3.6.3\bin\..\boot\plexus-classworlds-2.6.0.jar
Launcher Type: SUN_STANDARD

Environment Variables:
JAVA_HOME=C:\Program Files\Java\jdk1.8.0_271
PATH=C:\Python39\Scripts\;C:\Python39\;C:\Program Files (x86)\Common Files\Oracle\Java\javapath;C:\oraclexe\app\oracle\product\11.2.0\server\bin;S:\app\dekumark\product\18.0.0\client_1;S:\app\dekumark\product\18.0.0\client_1\bin;C:\WINDOWS\system32;C:\WINDOWS;C:\WINDOWS\System32\Wbem;C:\WINDOWS\System32\WindowsPowerShell\v1.0\;C:\WINDOWS\System32\OpenSSH\;C:\Program Files\Java\jdk1.8.0_271\bin;C:\Program Files\Git\cmd;C:\Program Files\MongoDB\Server\4.4\bin;C:\Users\Shubham Kumar\Desktop\apache-maven-3.6.3\bin;C:\Program Files\nodejs\;C:\ProgramData\chocolatey\bin;C:\Program Files\MySQL\MySQL Shell 8.0\bin\;C:\Users\Shubham Kumar\AppData\Local\Microsoft\WindowsApps;C:\Program Files\Java\jdk1.8.0_271\bin;C:\Program Files\JetBrains\IntelliJ IDEA 2019.3.3\bin;;C:\Users\Shubham Kumar\AppData\Local\Programs\Microsoft VS Code\bin;;C:\Program Files\JetBrains\IntelliJ IDEA Community Edition 2020.2.3\bin;;C:\Users\Shubham Kumar\AppData\Roaming\npm
USERNAME=Shubham Kumar
OS=Windows_NT
PROCESSOR_IDENTIFIER=Intel64 Family 6 Model 142 Stepping 9, GenuineIntel



---------------  S Y S T E M  ---------------

OS: Windows 10.0 , 64 bit Build 19041 (10.0.19041.804)

CPU:total 4 (initial active 4) (2 cores per cpu, 2 threads per core) family 6 model 142 stepping 9, cmov, cx8, fxsr, mmx, sse, sse2, sse3, ssse3, sse4.1, sse4.2, popcnt, avx, avx2, aes, clmul, erms, 3dnowpref, lzcnt, ht, tsc, tscinvbit, bmi1, bmi2, adx

Memory: 4k page, physical 8303728k(464468k free), swap 19165164k(192k free)

vm_info: Java HotSpot(TM) 64-Bit Server VM (25.271-b09) for windows-amd64 JRE (1.8.0_271-b09), built on Sep 16 2020 19:14:59 by "" with MS VC++ 15.9 (VS2017)

time: Sun Mar 28 18:00:00 2021
timezone: India Standard Time
elapsed time: 21.314322 seconds (0d 0h 0m 21s)

